MOLECULE 1 - MOLECULE
  1 C1          0.497826   0.4978   0.4977 !
  2 H1          0.011298   0.0113   0.0113
  3 CT2        -0.167869  -0.1679  -0.1679
  4 H2          0.052948   0.0529   0.0529
  5 H2          0.052948   0.0529   0.0529
  6 C3         -0.036179  -0.0362  -0.0362
  7 C4          0.333897   0.3339   0.3339
  8 CT5        -0.073047  -0.0730  -0.0730
  9 H5          0.011203   0.0112   0.0112
 10 H5          0.011203   0.0112   0.0112
 11 CT6        -0.174720  -0.1747  -0.1747
 12 H6          0.039319   0.0393   0.0393
 13 H6          0.039319   0.0393   0.0393
 14 C7         -0.430345  -0.4303  -0.4303
 15 H7          0.158854   0.1589   0.1589
 16 C8          0.474303   0.4743   0.4743
 17 H8          0.001578   0.0016   0.0016
 18 C9         -0.116027  -0.1160  -0.1160
 19 H9         -0.026946  -0.0269  -0.0269
 20 C10         0.067003   0.0670   0.0670
 21 H10        -0.048425  -0.0484  -0.0484
 22 CT11        0.000555   0.0006   0.0006
 23 H11         0.005180   0.0052   0.0052
 24 H11         0.005180   0.0052   0.0052
 25 CT12       -0.171049  -0.1710  -0.1710
 26 H12         0.008942   0.0089   0.0089
 27 H12         0.008942   0.0089   0.0089
 28 C13         0.439171   0.4392   0.4392
 29 C14         0.249656   0.2497   0.2497
 30 H14        -0.065804  -0.0658  -0.0658
 31 CT15       -0.142636  -0.1426  -0.1426
 32 H15         0.017945   0.0179   0.0179
 33 H15         0.017945   0.0179   0.0179
 34 CT16       -0.002190  -0.0022  -0.0022
 35 H16         0.003155   0.0032   0.0032
 36 H16         0.003155   0.0032   0.0032
 37 C17        -0.090216  -0.0902  -0.0902
 38 H17        -0.017693  -0.0177  -0.0177
 39 CT18       -0.489549  -0.4895  -0.4895
 40 H18         0.094637   0.0946   0.0945 !
 41 H18         0.094637   0.0946   0.0945 !
 42 H18         0.094637   0.0946   0.0945 !
 43 C19         0.273504   0.2735   0.2735
 44 H19        -0.060442  -0.0604  -0.0604
 45 CT20       -0.300240  -0.3002  -0.3002
 46 H20         0.061132   0.0611   0.0611
 47 H20         0.061132   0.0611   0.0611
 48 H20         0.061132   0.0611   0.0611
 49 CT21       -0.200695  -0.2007  -0.2007
 50 H21         0.030668   0.0307   0.0307
 51 H21         0.030668   0.0307   0.0307
 52 H21         0.030668   0.0307   0.0307
 53 O22        -0.312771  -0.3128  -0.3128
 54 O23        -0.433912  -0.4339  -0.4339
 55 H23         0.413246   0.4132   0.4132
 56 O24        -0.748570  -0.7486  -0.7486
 57 H24         0.413393   0.4134   0.4134
 58 CT25       -0.102100  -0.1021  -0.1021
 59 H25         0.003698   0.0037   0.0037
 60 H25         0.003698   0.0037   0.0037
 61 CT26        0.131059   0.1311   0.1311
 62 H26        -0.031906  -0.0319  -0.0319
 63 H26        -0.031906  -0.0319  -0.0319
 64 CT27       -0.123802  -0.1238  -0.1238
 65 H27         0.004156   0.0042   0.0042
 66 H27         0.004156   0.0042   0.0042
 67 C28         0.424810   0.4248   0.4248
 68 H28        -0.086913  -0.0869  -0.0869
 69 CT29       -0.295114  -0.2951  -0.2951
 70 H29         0.055717   0.0557   0.0557
 71 H29         0.055717   0.0557   0.0557
 72 H29         0.055717   0.0557   0.0557
 73 CT30       -0.291119  -0.2911  -0.2911
 74 H30         0.054160   0.0542   0.0542
 75 H30         0.054160   0.0542   0.0542
 76 H30         0.054160   0.0542   0.0542
