MOLECULE 1 - MOLECULE
  1 O1         -0.755974  -0.7560  -0.7559 !
  2 H1          0.412601   0.4126   0.4126
  3 O2         -0.739060  -0.7391  -0.7391
  4 H2          0.407624   0.4076   0.4076
  5 C3          0.465110   0.4651   0.4651
  6 C4          0.116610   0.1166   0.1166
  7 H4         -0.054074  -0.0541  -0.0541
  8 C5         -0.072563  -0.0726  -0.0726
  9 H5         -0.008177  -0.0082  -0.0082
 10 C6         -0.043433  -0.0434  -0.0434
 11 H6         -0.053966  -0.0540  -0.0540
 12 C7         -0.069764  -0.0698  -0.0698
 13 H7         -0.026040  -0.0260  -0.0260
 14 CT8        -0.216284  -0.2163  -0.2163
 15 H8          0.016442   0.0164   0.0164
 16 H8          0.016442   0.0164   0.0164
 17 C9          0.334622   0.3346   0.3346
 18 CT10       -0.107790  -0.1078  -0.1078
 19 H10         0.018744   0.0187   0.0187
 20 H10         0.018744   0.0187   0.0187
 21 CT11        0.101607   0.1016   0.1016
 22 H11        -0.014707  -0.0147  -0.0147
 23 H11        -0.014707  -0.0147  -0.0147
 24 CT12       -0.013450  -0.0135  -0.0135
 25 H12         0.003218   0.0032   0.0032
 26 H12         0.003218   0.0032   0.0032
 27 C13         0.647546   0.6475   0.6475
 28 H13        -0.022705  -0.0227  -0.0227
 29 C14         0.266477   0.2665   0.2665
 30 H14        -0.062090  -0.0621  -0.0621
 31 CT15       -0.472721  -0.4727  -0.4727
 32 H15         0.090587   0.0906   0.0907 !
 33 H15         0.090587   0.0906   0.0907 !
 34 H15         0.090587   0.0906   0.0907 !
 35 C16        -0.041434  -0.0414  -0.0414
 36 CT17       -0.093801  -0.0938  -0.0938
 37 H17         0.021805   0.0218   0.0218
 38 H17         0.021805   0.0218   0.0218
 39 C18        -0.543245  -0.5432  -0.5432
 40 H18         0.190396   0.1904   0.1904
 41 CT19       -0.154896  -0.1549  -0.1549
 42 H19         0.017474   0.0175   0.0175
 43 H19         0.017474   0.0175   0.0175
 44 H19         0.017474   0.0175   0.0175
 45 CT20       -0.105085  -0.1051  -0.1051
 46 H20         0.038099   0.0381   0.0381
 47 H20         0.038099   0.0381   0.0381
 48 CT21       -0.158415  -0.1584  -0.1584
 49 H21         0.036620   0.0366   0.0366
 50 H21         0.036620   0.0366   0.0366
 51 CT22       -0.065635  -0.0656  -0.0656
 52 H22        -0.005436  -0.0054  -0.0054
 53 H22        -0.005436  -0.0054  -0.0054
 54 C23         0.472593   0.4726   0.4726
 55 H23         0.006863   0.0069   0.0069
 56 CT24       -0.297099  -0.2971  -0.2971
 57 H24         0.059890   0.0599   0.0599
 58 H24         0.059890   0.0599   0.0599
 59 H24         0.059890   0.0599   0.0599
 60 CT25        0.111468   0.1115   0.1115
 61 H25        -0.030084  -0.0301  -0.0301
 62 H25        -0.030084  -0.0301  -0.0301
 63 CT26       -0.108341  -0.1083  -0.1083
 64 H26         0.000548   0.0005   0.0005
 65 H26         0.000548   0.0005   0.0005
 66 C27         0.419543   0.4195   0.4195
 67 H27        -0.086813  -0.0868  -0.0868
 68 CT28       -0.289688  -0.2897  -0.2897
 69 H28         0.053901   0.0539   0.0539
 70 H28         0.053901   0.0539   0.0539
 71 H28         0.053901   0.0539   0.0539
 72 CT29       -0.291078  -0.2911  -0.2911
 73 H29         0.054836   0.0548   0.0548
 74 H29         0.054836   0.0548   0.0548
 75 H29         0.054836   0.0548   0.0548
