MOLECULE 1 - MOLECULE
  1 O1         -0.765182  -0.7652  -0.7652
  2 H1          0.425768   0.4258   0.4258
  3 C2          0.449027   0.4490   0.4490
  4 C3          0.050420   0.0504   0.0504
  5 H3         -0.026930  -0.0269  -0.0269
  6 C4          0.062994   0.0630   0.0630
  7 H4         -0.040190  -0.0402  -0.0402
  8 C5          0.008989   0.0090   0.0090
  9 H5         -0.050791  -0.0508  -0.0508
 10 C6         -0.076517  -0.0765  -0.0765
 11 H6         -0.027393  -0.0274  -0.0274
 12 CT7        -0.202797  -0.2028  -0.2028
 13 H7          0.018321   0.0183   0.0183
 14 H7          0.018321   0.0183   0.0183
 15 C8          0.491912   0.4919   0.4919
 16 CT9        -0.118293  -0.1183  -0.1183
 17 H9          0.014469   0.0145   0.0145
 18 H9          0.014469   0.0145   0.0145
 19 CT10        0.024592   0.0246   0.0246
 20 H10        -0.005987  -0.0060  -0.0060
 21 H10        -0.005987  -0.0060  -0.0060
 22 CT11       -0.016643  -0.0166  -0.0166
 23 H11         0.007296   0.0073   0.0073
 24 H11         0.007296   0.0073   0.0073
 25 CT12        0.157564   0.1576   0.1576
 26 H12        -0.020918  -0.0209  -0.0209
 27 H12        -0.020918  -0.0209  -0.0209
 28 C13         0.284961   0.2850   0.2850
 29 H13        -0.066183  -0.0662  -0.0662
 30 CT14       -0.395284  -0.3953  -0.3953
 31 H14         0.073981   0.0740   0.0739 !
 32 H14         0.073981   0.0740   0.0739 !
 33 H14         0.073981   0.0740   0.0739 !
 34 C15        -0.197577  -0.1976  -0.1976
 35 CT16       -0.269773  -0.2698  -0.2698
 36 H16         0.037910   0.0379   0.0379
 37 H16         0.037910   0.0379   0.0379
 38 C17        -0.325821  -0.3258  -0.3258
 39 H17         0.144004   0.1440   0.1440
 40 CT18       -0.235571  -0.2356  -0.2356
 41 H18         0.036971   0.0370   0.0370
 42 H18         0.036971   0.0370   0.0370
 43 H18         0.036971   0.0370   0.0370
 44 CT19       -0.048012  -0.0480  -0.0480
 45 H19         0.023253   0.0233   0.0233
 46 H19         0.023253   0.0233   0.0233
 47 CT20        0.054011   0.0540   0.0540
 48 H20         0.016217   0.0162   0.0162
 49 H20         0.016217   0.0162   0.0162
 50 CT21       -0.071564  -0.0716  -0.0716
 51 H21        -0.004856  -0.0049  -0.0049
 52 H21        -0.004856  -0.0049  -0.0049
 53 C22         0.443651   0.4437   0.4437
 54 H22        -0.067824  -0.0678  -0.0678
 55 CT23       -0.316046  -0.3160  -0.3160
 56 H23         0.064237   0.0642   0.0642
 57 H23         0.064237   0.0642   0.0642
 58 H23         0.064237   0.0642   0.0642
 59 CT24        0.113713   0.1137   0.1137
 60 H24        -0.030645  -0.0306  -0.0306
 61 H24        -0.030645  -0.0306  -0.0306
 62 CT25       -0.103133  -0.1031  -0.1031
 63 H25        -0.001417  -0.0014  -0.0014
 64 H25        -0.001417  -0.0014  -0.0014
 65 C26         0.418327   0.4183   0.4183
 66 H26        -0.087129  -0.0871  -0.0871
 67 CT27       -0.286313  -0.2863  -0.2863
 68 H27         0.052882   0.0529   0.0529
 69 H27         0.052882   0.0529   0.0529
 70 H27         0.052882   0.0529   0.0529
 71 CT28       -0.285824  -0.2858  -0.2858
 72 H28         0.053118   0.0531   0.0531
 73 H28         0.053118   0.0531   0.0531
 74 H28         0.053118   0.0531   0.0531
