MOLECULE 1 - MOLECULE
  1 O1         -0.663237  -0.6632  -0.6631 !
  2 H1          0.413851   0.4139   0.4139
  3 O2         -0.697927  -0.6979  -0.6979
  4 H2          0.411240   0.4112   0.4112
  5 C3          0.102072   0.1021   0.1021
  6 C4          0.016687   0.0167   0.0167
  7 H4         -0.000222  -0.0002  -0.0002
  8 C5         -0.018508  -0.0185  -0.0185
  9 H5          0.096370   0.0964   0.0964
 10 C6          0.013332   0.0133   0.0133
 11 H6          0.016504   0.0165   0.0165
 12 C7          0.039314   0.0393   0.0393
 13 H7          0.008320   0.0083   0.0083
 14 CT8        -0.095222  -0.0952  -0.0952
 15 H8          0.019218   0.0192   0.0192
 16 H8          0.019218   0.0192   0.0192
 17 C9          0.061039   0.0610   0.0610
 18 CT10       -0.090866  -0.0909  -0.0909
 19 H10         0.035504   0.0355   0.0355
 20 H10         0.035504   0.0355   0.0355
 21 CT11       -0.082065  -0.0821  -0.0821
 22 H11         0.040938   0.0409   0.0409
 23 H11         0.040938   0.0409   0.0409
 24 CT12       -0.098205  -0.0982  -0.0982
 25 H12         0.031407   0.0314   0.0314
 26 H12         0.031407   0.0314   0.0314
 27 C13         0.178787   0.1788   0.1788
 28 H13         0.112946   0.1129   0.1129
 29 C14         0.081201   0.0812   0.0812
 30 H14        -0.013701  -0.0137  -0.0137
 31 CT15       -0.167570  -0.1676  -0.1676
 32 H15         0.033199   0.0332   0.0332
 33 H15         0.033199   0.0332   0.0332
 34 H15         0.033199   0.0332   0.0332
 35 C16        -0.065279  -0.0653  -0.0653
 36 CT17       -0.039466  -0.0395  -0.0395
 37 H17         0.022584   0.0226   0.0226
 38 H17         0.022584   0.0226   0.0226
 39 C18        -0.331907  -0.3319  -0.3319
 40 H18         0.174475   0.1745   0.1745
 41 CT19       -0.050854  -0.0509  -0.0509
 42 H19         0.012527   0.0125   0.0125
 43 H19         0.012527   0.0125   0.0125
 44 H19         0.012527   0.0125   0.0125
 45 CT20       -0.213175  -0.2132  -0.2132
 46 H20         0.090710   0.0907   0.0907
 47 H20         0.090710   0.0907   0.0907
 48 CT21       -0.129888  -0.1299  -0.1299
 49 H21         0.047777   0.0478   0.0478
 50 H21         0.047777   0.0478   0.0478
 51 CT22       -0.005299  -0.0053  -0.0053
 52 H22        -0.005821  -0.0058  -0.0058
 53 H22        -0.005821  -0.0058  -0.0058
 54 C23         0.299486   0.2995   0.2995
 55 H23         0.087200   0.0872   0.0872
 56 CT24       -0.112398  -0.1124  -0.1124
 57 H24         0.021105   0.0211   0.0211
 58 H24         0.021105   0.0211   0.0211
 59 H24         0.021105   0.0211   0.0211
 60 CT25        0.003475   0.0035   0.0035
 61 H25         0.002456   0.0025   0.0025
 62 H25         0.002456   0.0025   0.0025
 63 CT26       -0.068306  -0.0683  -0.0683
 64 H26         0.005218   0.0052   0.0052
 65 H26         0.005218   0.0052   0.0052
 66 C27         0.261480   0.2615   0.2615
 67 H27        -0.040869  -0.0409  -0.0409
 68 CT28       -0.205272  -0.2053  -0.2053
 69 H28         0.039775   0.0398   0.0398
 70 H28         0.039775   0.0398   0.0398
 71 H28         0.039775   0.0398   0.0398
 72 CT29       -0.212447  -0.2124  -0.2124
 73 H29         0.041700   0.0417   0.0417
 74 H29         0.041700   0.0417   0.0417
 75 H29         0.041700   0.0417   0.0417
