MOLECULE 1 - MOLECULE
  1 O1         -0.727587  -0.7276  -0.7276
  2 H1          0.403744   0.4037   0.4037
  3 O2         -0.738274  -0.7383  -0.7383
  4 H2          0.409170   0.4092   0.4092
  5 C3          0.434599   0.4346   0.4346
  6 C4          0.201431   0.2014   0.2014
  7 H4         -0.058782  -0.0588  -0.0588
  8 C5         -0.053069  -0.0531  -0.0531
  9 H5         -0.047517  -0.0475  -0.0475
 10 C6          0.005235   0.0052   0.0052
 11 H6         -0.035922  -0.0359  -0.0359
 12 C7         -0.076357  -0.0764  -0.0764
 13 H7         -0.021701  -0.0217  -0.0217
 14 CT8        -0.171528  -0.1715  -0.1715
 15 H8          0.008642   0.0086   0.0087 !
 16 H8          0.008642   0.0086   0.0087 !
 17 C9          0.368847   0.3688   0.3688
 18 CT10       -0.118903  -0.1189  -0.1189
 19 H10         0.013286   0.0133   0.0133
 20 H10         0.013286   0.0133   0.0133
 21 CT11       -0.024758  -0.0248  -0.0248
 22 H11         0.017006   0.0170   0.0170
 23 H11         0.017006   0.0170   0.0170
 24 CT12       -0.010305  -0.0103  -0.0103
 25 H12         0.003370   0.0034   0.0034
 26 H12         0.003370   0.0034   0.0034
 27 C13         0.522264   0.5223   0.5223
 28 H13        -0.002613  -0.0026  -0.0026
 29 C14         0.278292   0.2783   0.2783
 30 H14        -0.065394  -0.0654  -0.0654
 31 CT15       -0.476052  -0.4761  -0.4761
 32 H15         0.092184   0.0922   0.0922
 33 H15         0.092184   0.0922   0.0922
 34 H15         0.092184   0.0922   0.0922
 35 C16        -0.069163  -0.0692  -0.0692
 36 CT17       -0.116389  -0.1164  -0.1164
 37 H17         0.015740   0.0157   0.0157
 38 H17         0.015740   0.0157   0.0157
 39 C18        -0.475764  -0.4758  -0.4758
 40 H18         0.178452   0.1785   0.1785
 41 CT19       -0.154714  -0.1547  -0.1547
 42 H19         0.019171   0.0192   0.0192
 43 H19         0.019171   0.0192   0.0192
 44 H19         0.019171   0.0192   0.0192
 45 CT20       -0.121759  -0.1218  -0.1218
 46 H20         0.044152   0.0442   0.0442
 47 H20         0.044152   0.0442   0.0442
 48 CT21       -0.135162  -0.1352  -0.1352
 49 H21         0.033526   0.0335   0.0335
 50 H21         0.033526   0.0335   0.0335
 51 CT22       -0.070001  -0.0700  -0.0700
 52 H22        -0.005395  -0.0054  -0.0054
 53 H22        -0.005395  -0.0054  -0.0054
 54 C23         0.461276   0.4613   0.4613
 55 H23         0.011996   0.0120   0.0120
 56 CT24       -0.312290  -0.3123  -0.3123
 57 H24         0.063437   0.0634   0.0634
 58 H24         0.063437   0.0634   0.0634
 59 H24         0.063437   0.0634   0.0634
 60 CT25        0.116658   0.1167   0.1167
 61 H25        -0.031330  -0.0313  -0.0313
 62 H25        -0.031330  -0.0313  -0.0313
 63 CT26       -0.109200  -0.1092  -0.1092
 64 H26         0.000457   0.0005   0.0005
 65 H26         0.000457   0.0005   0.0005
 66 C27         0.419822   0.4198   0.4198
 67 H27        -0.086940  -0.0869  -0.0869
 68 CT28       -0.289462  -0.2895  -0.2895
 69 H28         0.053705   0.0537   0.0537
 70 H28         0.053705   0.0537   0.0537
 71 H28         0.053705   0.0537   0.0537
 72 CT29       -0.291011  -0.2910  -0.2910
 73 H29         0.054812   0.0548   0.0548
 74 H29         0.054812   0.0548   0.0548
 75 H29         0.054812   0.0548   0.0548
