MOLECULE 1 - MOLECULE
  1 C1          0.312514   0.3125   0.3125
  2 H1          0.083342   0.0833   0.0833
  3 CT2        -0.281319  -0.2813  -0.2813
  4 H2          0.114010   0.1140   0.1141 !
  5 H2          0.114010   0.1140   0.1141 !
  6 C3         -0.100780  -0.1008  -0.1008
  7 C4          0.071212   0.0712   0.0712
  8 CT5        -0.045694  -0.0457  -0.0457
  9 H5          0.022683   0.0227   0.0227
 10 H5          0.022683   0.0227   0.0227
 11 CT6        -0.127367  -0.1274  -0.1274
 12 H6          0.047549   0.0475   0.0475
 13 H6          0.047549   0.0475   0.0475
 14 C7         -0.196812  -0.1968  -0.1968
 15 H7          0.157649   0.1576   0.1576
 16 C8          0.064011   0.0640   0.0640
 17 H8          0.088303   0.0883   0.0883
 18 C9          0.012120   0.0121   0.0121
 19 H9          0.116690   0.1167   0.1167
 20 C10         0.025336   0.0253   0.0253
 21 H10         0.017739   0.0177   0.0177
 22 CT11       -0.083606  -0.0836  -0.0836
 23 H11         0.037887   0.0379   0.0379
 24 H11         0.037887   0.0379   0.0379
 25 CT12       -0.097627  -0.0976  -0.0976
 26 H12         0.020740   0.0207   0.0207
 27 H12         0.020740   0.0207   0.0207
 28 C13         0.095073   0.0951   0.0951
 29 C14         0.011708   0.0117   0.0117
 30 H14         0.013076   0.0131   0.0131
 31 CT15       -0.107904  -0.1079  -0.1079
 32 H15         0.045525   0.0455   0.0455
 33 H15         0.045525   0.0455   0.0455
 34 CT16       -0.139088  -0.1391  -0.1391
 35 H16         0.044160   0.0442   0.0442
 36 H16         0.044160   0.0442   0.0442
 37 C17         0.032828   0.0328   0.0328
 38 H17         0.005739   0.0057   0.0057
 39 CT18       -0.139849  -0.1398  -0.1398
 40 H18         0.029583   0.0296   0.0296
 41 H18         0.029583   0.0296   0.0296
 42 H18         0.029583   0.0296   0.0296
 43 C19         0.110399   0.1104   0.1104
 44 H19        -0.018932  -0.0189  -0.0189
 45 CT20       -0.136740  -0.1367  -0.1367
 46 H20         0.027579   0.0276   0.0276
 47 H20         0.027579   0.0276   0.0276
 48 H20         0.027579   0.0276   0.0276
 49 CT21       -0.050832  -0.0508  -0.0508
 50 H21         0.015842   0.0158   0.0158
 51 H21         0.015842   0.0158   0.0158
 52 H21         0.015842   0.0158   0.0158
 53 O22        -0.256751  -0.2568  -0.2568
 54 O23        -0.398515  -0.3985  -0.3985
 55 H23         0.392296   0.3923   0.3923
 56 O24        -0.694388  -0.6944  -0.6944
 57 H24         0.408167   0.4082   0.4082
 58 CT25       -0.016984  -0.0170  -0.0170
 59 H25        -0.003108  -0.0031  -0.0031
 60 H25        -0.003108  -0.0031  -0.0031
 61 CT26        0.004784   0.0048   0.0048
 62 H26         0.001850   0.0019   0.0019
 63 H26         0.001850   0.0019   0.0019
 64 CT27       -0.077901  -0.0779  -0.0779
 65 H27         0.009164   0.0092   0.0092
 66 H27         0.009164   0.0092   0.0092
 67 C28         0.261838   0.2618   0.2618
 68 H28        -0.041667  -0.0417  -0.0417
 69 CT29       -0.216950  -0.2170  -0.2170
 70 H29         0.043342   0.0433   0.0433
 71 H29         0.043342   0.0433   0.0433
 72 H29         0.043342   0.0433   0.0433
 73 CT30       -0.205868  -0.2059  -0.2059
 74 H30         0.040263   0.0403   0.0403
 75 H30         0.040263   0.0403   0.0403
 76 H30         0.040263   0.0403   0.0403
