MOLECULE 1 - MOLECULE
  1 O1         -0.633304  -0.6333  -0.6333
  2 H1          0.407187   0.4072   0.4072
  3 O2         -0.709582  -0.7096  -0.7096
  4 H2          0.415814   0.4158   0.4158
  5 C3          0.118915   0.1189   0.1189
  6 C4          0.022233   0.0222   0.0222
  7 H4          0.024368   0.0244   0.0244
  8 C5         -0.039046  -0.0390  -0.0390
  9 H5          0.063390   0.0634   0.0634
 10 C6          0.013801   0.0138   0.0138
 11 H6          0.049942   0.0499   0.0499
 12 C7          0.042510   0.0425   0.0425
 13 H7          0.006642   0.0066   0.0066
 14 CT8        -0.083049  -0.0830  -0.0830
 15 H8          0.012806   0.0128   0.0128
 16 H8          0.012806   0.0128   0.0128
 17 C9          0.085001   0.0850   0.0850
 18 CT10       -0.081737  -0.0817  -0.0817
 19 H10         0.029064   0.0291   0.0291
 20 H10         0.029064   0.0291   0.0291
 21 CT11       -0.133208  -0.1332  -0.1332
 22 H11         0.056703   0.0567   0.0567
 23 H11         0.056703   0.0567   0.0567
 24 CT12       -0.088715  -0.0887  -0.0887
 25 H12         0.027353   0.0274   0.0274
 26 H12         0.027353   0.0274   0.0274
 27 C13         0.104882   0.1049   0.1049
 28 H13         0.118348   0.1183   0.1183
 29 C14         0.083807   0.0838   0.0838
 30 H14        -0.015406  -0.0154  -0.0154
 31 CT15       -0.136885  -0.1369  -0.1369
 32 H15         0.025112   0.0251   0.0250 !
 33 H15         0.025112   0.0251   0.0250 !
 34 H15         0.025112   0.0251   0.0250 !
 35 C16        -0.065138  -0.0651  -0.0651
 36 CT17       -0.028629  -0.0286  -0.0286
 37 H17         0.010373   0.0104   0.0104
 38 H17         0.010373   0.0104   0.0104
 39 C18        -0.296178  -0.2962  -0.2962
 40 H18         0.167665   0.1677   0.1677
 41 CT19       -0.086241  -0.0862  -0.0862
 42 H19         0.024937   0.0249   0.0249
 43 H19         0.024937   0.0249   0.0249
 44 H19         0.024937   0.0249   0.0249
 45 CT20       -0.226715  -0.2267  -0.2267
 46 H20         0.088594   0.0886   0.0886
 47 H20         0.088594   0.0886   0.0886
 48 CT21       -0.117810  -0.1178  -0.1178
 49 H21         0.039958   0.0400   0.0400
 50 H21         0.039958   0.0400   0.0400
 51 CT22       -0.013065  -0.0131  -0.0131
 52 H22        -0.004281  -0.0043  -0.0043
 53 H22        -0.004281  -0.0043  -0.0043
 54 C23         0.334273   0.3343   0.3343
 55 H23         0.077853   0.0779   0.0779
 56 CT24       -0.121057  -0.1211  -0.1211
 57 H24         0.022879   0.0229   0.0229
 58 H24         0.022879   0.0229   0.0229
 59 H24         0.022879   0.0229   0.0229
 60 CT25        0.005435   0.0054   0.0054
 61 H25         0.002529   0.0025   0.0025
 62 H25         0.002529   0.0025   0.0025
 63 CT26       -0.069061  -0.0691  -0.0691
 64 H26         0.005403   0.0054   0.0054
 65 H26         0.005403   0.0054   0.0054
 66 C27         0.259462   0.2595   0.2595
 67 H27        -0.040203  -0.0402  -0.0402
 68 CT28       -0.203245  -0.2032  -0.2032
 69 H28         0.039311   0.0393   0.0393
 70 H28         0.039311   0.0393   0.0393
 71 H28         0.039311   0.0393   0.0393
 72 CT29       -0.213849  -0.2138  -0.2138
 73 H29         0.042292   0.0423   0.0423
 74 H29         0.042292   0.0423   0.0423
 75 H29         0.042292   0.0423   0.0423
