MOLECULE 1 - MOLECULE
  1 C1          0.463129   0.4631   0.4631
  2 H1          0.008735   0.0087   0.0087
  3 CT2        -0.130860  -0.1309  -0.1309
  4 H2          0.050787   0.0508   0.0508
  5 H2          0.050787   0.0508   0.0508
  6 C3         -0.108564  -0.1086  -0.1086
  7 C4          0.359607   0.3596   0.3596
  8 CT5        -0.115925  -0.1159  -0.1159
  9 H5          0.028690   0.0287   0.0287
 10 H5          0.028690   0.0287   0.0287
 11 CT6        -0.153436  -0.1534  -0.1534
 12 H6          0.037266   0.0373   0.0373
 13 H6          0.037266   0.0373   0.0373
 14 C7         -0.395580  -0.3956  -0.3956
 15 H7          0.179587   0.1796   0.1796
 16 C8          0.462268   0.4623   0.4623
 17 H8         -0.040409  -0.0404  -0.0404
 18 C9          0.125826   0.1258   0.1258
 19 H9         -0.020243  -0.0202  -0.0202
 20 C10        -0.111978  -0.1120  -0.1120
 21 H10        -0.045761  -0.0458  -0.0458
 22 CT11        0.119907   0.1199   0.1199
 23 H11        -0.021400  -0.0214  -0.0214
 24 H11        -0.021400  -0.0214  -0.0214
 25 CT12       -0.218660  -0.2187  -0.2187
 26 H12         0.021005   0.0210   0.0210
 27 H12         0.021005   0.0210   0.0210
 28 C13         0.413713   0.4137   0.4137
 29 C14         0.085021   0.0850   0.0850
 30 H14        -0.045971  -0.0460  -0.0460
 31 CT15       -0.096145  -0.0961  -0.0961
 32 H15         0.018469   0.0185   0.0185
 33 H15         0.018469   0.0185   0.0185
 34 CT16       -0.059729  -0.0597  -0.0597
 35 H16         0.014590   0.0146   0.0146
 36 H16         0.014590   0.0146   0.0146
 37 C17        -0.043866  -0.0439  -0.0439
 38 H17        -0.031963  -0.0320  -0.0320
 39 CT18       -0.452849  -0.4528  -0.4528
 40 H18         0.090763   0.0908   0.0908
 41 H18         0.090763   0.0908   0.0908
 42 H18         0.090763   0.0908   0.0908
 43 C19         0.286489   0.2865   0.2865
 44 H19        -0.064298  -0.0643  -0.0643
 45 CT20       -0.302745  -0.3027  -0.3027
 46 H20         0.060780   0.0608   0.0608
 47 H20         0.060780   0.0608   0.0608
 48 H20         0.060780   0.0608   0.0608
 49 CT21       -0.094816  -0.0948  -0.0948
 50 H21         0.004108   0.0041   0.0041
 51 H21         0.004108   0.0041   0.0041
 52 H21         0.004108   0.0041   0.0041
 53 O22        -0.331680  -0.3317  -0.3317
 54 O23        -0.404213  -0.4042  -0.4042
 55 H23         0.390004   0.3900   0.3900
 56 O24        -0.731981  -0.7320  -0.7320
 57 H24         0.404802   0.4048   0.4048
 58 CT25       -0.094111  -0.0941  -0.0941
 59 H25         0.002302   0.0023   0.0023
 60 H25         0.002302   0.0023   0.0023
 61 CT26        0.113505   0.1135   0.1135
 62 H26        -0.029134  -0.0291  -0.0291
 63 H26        -0.029134  -0.0291  -0.0291
 64 CT27       -0.117867  -0.1179  -0.1179
 65 H27         0.004836   0.0048   0.0048
 66 H27         0.004836   0.0048   0.0048
 67 C28         0.417595   0.4176   0.4176
 68 H28        -0.087029  -0.0870  -0.0870
 69 CT29       -0.286752  -0.2868  -0.2868
 70 H29         0.054121   0.0541   0.0541
 71 H29         0.054121   0.0541   0.0541
 72 H29         0.054121   0.0541   0.0541
 73 CT30       -0.289910  -0.2899  -0.2899
 74 H30         0.054336   0.0543   0.0543
 75 H30         0.054336   0.0543   0.0543
 76 H30         0.054336   0.0543   0.0543
