MOLECULE 1 - MOLECULE
  1 O1         -0.711060  -0.7111  -0.7110 !
  2 H1          0.422443   0.4224   0.4224
  3 C2          0.103129   0.1031   0.1031
  4 C3          0.003817   0.0038   0.0038
  5 H3          0.022944   0.0229   0.0229
  6 C4         -0.021047  -0.0210  -0.0210
  7 H4          0.070444   0.0704   0.0704
  8 C5          0.027066   0.0271   0.0271
  9 H5          0.034459   0.0345   0.0345
 10 C6          0.029245   0.0292   0.0292
 11 H6          0.006111   0.0061   0.0061
 12 CT7        -0.091775  -0.0918  -0.0918
 13 H7          0.015007   0.0150   0.0150
 14 H7          0.015007   0.0150   0.0150
 15 C8          0.070639   0.0706   0.0706
 16 CT9        -0.098080  -0.0981  -0.0981
 17 H9          0.029031   0.0290   0.0290
 18 H9          0.029031   0.0290   0.0290
 19 CT10       -0.072010  -0.0720  -0.0720
 20 H10         0.034009   0.0340   0.0340
 21 H10         0.034009   0.0340   0.0340
 22 CT11       -0.121221  -0.1212  -0.1212
 23 H11         0.040041   0.0400   0.0400
 24 H11         0.040041   0.0400   0.0400
 25 CT12       -0.067421  -0.0674  -0.0674
 26 H12         0.049290   0.0493   0.0493
 27 H12         0.049290   0.0493   0.0493
 28 C13         0.083346   0.0833   0.0833
 29 H13        -0.011596  -0.0116  -0.0116
 30 CT14       -0.118710  -0.1187  -0.1187
 31 H14         0.025041   0.0250   0.0250
 32 H14         0.025041   0.0250   0.0250
 33 H14         0.025041   0.0250   0.0250
 34 C15        -0.085964  -0.0860  -0.0860
 35 CT16       -0.066867  -0.0669  -0.0669
 36 H16         0.014503   0.0145   0.0145
 37 H16         0.014503   0.0145   0.0145
 38 C17        -0.242905  -0.2429  -0.2429
 39 H17         0.133441   0.1334   0.1334
 40 CT18       -0.083282  -0.0833  -0.0833
 41 H18         0.026285   0.0263   0.0263
 42 H18         0.026285   0.0263   0.0263
 43 H18         0.026285   0.0263   0.0263
 44 CT19       -0.190206  -0.1902  -0.1902
 45 H19         0.080498   0.0805   0.0805
 46 H19         0.080498   0.0805   0.0805
 47 CT20       -0.058616  -0.0586  -0.0586
 48 H20         0.057716   0.0577   0.0577
 49 H20         0.057716   0.0577   0.0577
 50 CT21       -0.010285  -0.0103  -0.0103
 51 H21        -0.004300  -0.0043  -0.0043
 52 H21        -0.004300  -0.0043  -0.0043
 53 C22         0.292511   0.2925   0.2925
 54 H22         0.014896   0.0149   0.0149
 55 CT23       -0.120994  -0.1210  -0.1210
 56 H23         0.023895   0.0239   0.0239
 57 H23         0.023895   0.0239   0.0239
 58 H23         0.023895   0.0239   0.0239
 59 CT24        0.006624   0.0066   0.0066
 60 H24         0.002154   0.0022   0.0022
 61 H24         0.002154   0.0022   0.0022
 62 CT25       -0.065020  -0.0650  -0.0650
 63 H25         0.003917   0.0039   0.0039
 64 H25         0.003917   0.0039   0.0039
 65 C26         0.260669   0.2607   0.2607
 66 H26        -0.040523  -0.0405  -0.0405
 67 CT27       -0.207776  -0.2078  -0.2078
 68 H27         0.040326   0.0403   0.0404 !
 69 H27         0.040326   0.0403   0.0404 !
 70 H27         0.040326   0.0403   0.0404 !
 71 CT27       -0.207776  -0.2078  -0.2078
 72 H27         0.040326   0.0403   0.0404 !
 73 H27         0.040326   0.0403   0.0404 !
 74 H27         0.040326   0.0403   0.0404 !
