MOLECULE 1 - MOLECULE
  1 C1          0.353280   0.3533   0.3534 !
  2 H1          0.075503   0.0755   0.0756 !
  3 CT2        -0.225500  -0.2255  -0.2255
  4 H2          0.085954   0.0860   0.0860
  5 H2          0.085954   0.0860   0.0860
  6 C3         -0.059584  -0.0596  -0.0596
  7 C4          0.082103   0.0821   0.0821
  8 CT5        -0.025661  -0.0257  -0.0257
  9 H5          0.013908   0.0139   0.0139
 10 H5          0.013908   0.0139   0.0139
 11 CT6        -0.111951  -0.1120  -0.1120
 12 H6          0.035614   0.0356   0.0356
 13 H6          0.035614   0.0356   0.0356
 14 C7         -0.239690  -0.2397  -0.2397
 15 H7          0.145823   0.1458   0.1458
 16 C8          0.046938   0.0469   0.0469
 17 H8          0.121602   0.1216   0.1216
 18 C9         -0.034891  -0.0349  -0.0349
 19 H9          0.073471   0.0735   0.0735
 20 C10         0.021889   0.0219   0.0219
 21 H10         0.047741   0.0477   0.0477
 22 CT11       -0.111035  -0.1110  -0.1110
 23 H11         0.048644   0.0486   0.0486
 24 H11         0.048644   0.0486   0.0486
 25 CT12       -0.087093  -0.0871  -0.0871
 26 H12         0.011042   0.0110   0.0110
 27 H12         0.011042   0.0110   0.0110
 28 C13         0.173648   0.1736   0.1736
 29 C14         0.036147   0.0361   0.0361
 30 H14         0.019704   0.0197   0.0197
 31 CT15       -0.097461  -0.0975  -0.0975
 32 H15         0.032172   0.0322   0.0322
 33 H15         0.032172   0.0322   0.0322
 34 CT16       -0.098154  -0.0982  -0.0982
 35 H16         0.030342   0.0303   0.0303
 36 H16         0.030342   0.0303   0.0303
 37 C17         0.044673   0.0447   0.0447
 38 H17         0.001646   0.0016   0.0016
 39 CT18       -0.194845  -0.1948  -0.1948
 40 H18         0.034942   0.0349   0.0350 !
 41 H18         0.034942   0.0349   0.0350 !
 42 H18         0.034942   0.0349   0.0350 !
 43 C19         0.093440   0.0934   0.0934
 44 H19        -0.019463  -0.0195  -0.0195
 45 CT20       -0.144704  -0.1447  -0.1447
 46 H20         0.029716   0.0297   0.0297
 47 H20         0.029716   0.0297   0.0297
 48 H20         0.029716   0.0297   0.0297
 49 CT21       -0.126897  -0.1269  -0.1269
 50 H21         0.033453   0.0335   0.0335
 51 H21         0.033453   0.0335   0.0335
 52 H21         0.033453   0.0335   0.0335
 53 O22        -0.230781  -0.2308  -0.2308
 54 O23        -0.424631  -0.4246  -0.4246
 55 H23         0.412987   0.4130   0.4130
 56 O24        -0.718005  -0.7180  -0.7180
 57 H24         0.416981   0.4170   0.4170
 58 CT25       -0.029423  -0.0294  -0.0294
 59 H25         0.000154   0.0002   0.0002
 60 H25         0.000154   0.0002   0.0002
 61 CT26        0.006707   0.0067   0.0067
 62 H26         0.004121   0.0041   0.0041
 63 H26         0.004121   0.0041   0.0041
 64 CT27       -0.078255  -0.0783  -0.0783
 65 H27         0.007931   0.0079   0.0079
 66 H27         0.007931   0.0079   0.0079
 67 C28         0.267691   0.2677   0.2677
 68 H28        -0.040733  -0.0407  -0.0407
 69 CT29       -0.218273  -0.2183  -0.2183
 70 H29         0.043261   0.0433   0.0433
 71 H29         0.043261   0.0433   0.0433
 72 H29         0.043261   0.0433   0.0433
 73 CT30       -0.216706  -0.2167  -0.2167
 74 H30         0.042627   0.0426   0.0426
 75 H30         0.042627   0.0426   0.0426
 76 H30         0.042627   0.0426   0.0426
